Extracting support files...
19:17:05 **** Build of configuration HardwareDebug for project IRO3 ****
make -j4 all 
'Scanning and building file: ../src/IRO3.c'
'Invoking: Scanner and Compiler'
ccrx -MM -MP -output=dep="src/IRO3.d"  -MT="src/IRO3.obj"  -MT="src/IRO3.d" -isa=rxv1 -nofpu -include="C:\PROGRA~2\Renesas\RX\2_7_0\include","D:\Project\IRO3\Wip\Source\IRO3\src\apps","D:\Project\IRO3\Wip\Source\IRO3\src\apps\flash","D:\Project\IRO3\Wip\Source\IRO3\src\apps\gpio","D:\Project\IRO3\Wip\Source\IRO3\src\apps\timer","D:\Project\IRO3\Wip\Source\IRO3\src\apps\uart","D:\Project\IRO3\Wip\Source\IRO3\src\apps\adc","D:\Project\IRO3\Wip\Source\IRO3\src","D:\Project\IRO3\Wip\Source\IRO3\src\apps\display","D:\Project\IRO3\Wip\Source\IRO3\src\smc_gen\r_bsp","D:\Project\IRO3\Wip\Source\IRO3\src\smc_gen\r_config","D:\Project\IRO3\Wip\Source\IRO3\src\smc_gen\Config_CMT0","D:\Project\IRO3\Wip\Source\IRO3\src\smc_gen\Config_PORT","D:\Project\IRO3\Wip\Source\IRO3\src\smc_gen\Config_S12AD0","D:\Project\IRO3\Wip\Source\IRO3\src\smc_gen\Config_CMT1","D:\Project\IRO3\Wip\Source\IRO3\src\smc_gen\r_gpio_rx","D:\Project\IRO3\Wip\Source\IRO3\src\smc_gen\r_gpio_rx\src","D:\Project\IRO3\Wip\Source\IRO3\src\smc_gen\general","D:\Project\IRO3\Wip\Source\IRO3\src\smc_gen\r_pincfg" -lang=c99 -nomessage -debug -optimize=0 -nologo  "../src/IRO3.c"
ccrx -isa=rxv1 -nofpu -include="C:\PROGRA~2\Renesas\RX\2_7_0\include","D:\Project\IRO3\Wip\Source\IRO3\src\apps","D:\Project\IRO3\Wip\Source\IRO3\src\apps\flash","D:\Project\IRO3\Wip\Source\IRO3\src\apps\gpio","D:\Project\IRO3\Wip\Source\IRO3\src\apps\timer","D:\Project\IRO3\Wip\Source\IRO3\src\apps\uart","D:\Project\IRO3\Wip\Source\IRO3\src\apps\adc","D:\Project\IRO3\Wip\Source\IRO3\src","D:\Project\IRO3\Wip\Source\IRO3\src\apps\display","D:\Project\IRO3\Wip\Source\IRO3\src\smc_gen\r_bsp","D:\Project\IRO3\Wip\Source\IRO3\src\smc_gen\r_config","D:\Project\IRO3\Wip\Source\IRO3\src\smc_gen\Config_CMT0","D:\Project\IRO3\Wip\Source\IRO3\src\smc_gen\Config_PORT","D:\Project\IRO3\Wip\Source\IRO3\src\smc_gen\Config_S12AD0","D:\Project\IRO3\Wip\Source\IRO3\src\smc_gen\Config_CMT1","D:\Project\IRO3\Wip\Source\IRO3\src\smc_gen\r_gpio_rx","D:\Project\IRO3\Wip\Source\IRO3\src\smc_gen\r_gpio_rx\src","D:\Project\IRO3\Wip\Source\IRO3\src\smc_gen\general","D:\Project\IRO3\Wip\Source\IRO3\src\smc_gen\r_pincfg" -lang=c99 -nomessage -output=obj -obj_path="src" -debug -optimize=0 -nologo "../src/IRO3.c"
../src/IRO3.c(61):W0520177:Variable "s_is_unlock" was declared but never referenced
'Finished Scanning and building: ../src/IRO3.c'

'Invoking: Linker'
'Building target:'
rlink -noprelink -subcommand="LinkerSubCommand.tmp"  -output="IRO3.abs" -form=absolute -nomessage -vect=_undefined_interrupt_source_isr -list=IRO3.map -nooptimize -rom=D=R,D_1=R_1,D_2=R_2 -nologo

W0561016:The evaluation version is valid for the remaining 50 days

Renesas Optimizing Linker Completed
'Finished building target:'

C:\Renesas\e2_studio\eclipse\/../\Utilities\\ccrx\renesas_cc_converter.exe IRO3.abs IRO3.x
Loading input file IRO3.abs
Parsing the ELF input file.....
23 segments required LMA fixes
Converting the DWARF information....
Constructing the output ELF image....
Saving the ELF output file IRO3.x
'Build complete.'
