17:15:32 **** Incremental Build of configuration HardwareDebug for project IRO3 ****
make -j4 all 
'Scanning and building file: ../src/apps/touch_app/button_actions.c'
'Scanning and building file: ../src/touch_module/ctsu/button_config.c'
'Invoking: Scanner and Compiler'
ccrx -MM -MP -output=dep="src/apps/touch_app/button_actions.d"  -MT="src/apps/touch_app/button_actions.obj"  -MT="src/apps/touch_app/button_actions.d" -isa=rxv1 -nofpu -include="C:\PROGRA~2\Renesas\RX\2_7_0\include","D:\Project\IRO3\Wip\Source\IRO3\src\apps","D:\Project\IRO3\Wip\Source\IRO3\src\apps\flash","D:\Project\IRO3\Wip\Source\IRO3\src\apps\gpio","D:\Project\IRO3\Wip\Source\IRO3\src\apps\timer","D:\Project\IRO3\Wip\Source\IRO3\src\apps\uart","D:\Project\IRO3\Wip\Source\IRO3\src\apps\adc","D:\Project\IRO3\Wip\Source\IRO3\src","D:\Project\IRO3\Wip\Source\IRO3\src\apps\display","D:\Project\IRO3\Wip\Source\IRO3\src\touch_module\r_ctsu_rx","D:\Project\IRO3\Wip\Source\IRO3\src\touch_module\r_touch_button","D:\Project\IRO3\Wip\Source\IRO3\src\touch_module\r_touch_rx","D:\Project\IRO3\Wip\Source\IRO3\src\touch_module","D:\Project\IRO3\Wip\Source\IRO3\src\touch_module\ctsu","D:\Project\IRO3\Wip\Source\IRO3\src\apps\touch_app","D:\Project\IRO3\Wip\Source\IRO3\src\smc_gen\r_bsp","D:\Project\IRO3\Wip\Source\IRO3\src\smc_gen\r_config","D:\Project\IRO3\Wip\Source\IRO3\src\smc_gen\Config_CMT0","D:\Project\IRO3\Wip\Source\IRO3\src\smc_gen\Config_PORT","D:\Project\IRO3\Wip\Source\IRO3\src\smc_gen\Config_S12AD0","D:\Project\IRO3\Wip\Source\IRO3\src\smc_gen\Config_CMT1","D:\Project\IRO3\Wip\Source\IRO3\src\smc_gen\r_gpio_rx","D:\Project\IRO3\Wip\Source\IRO3\src\smc_gen\r_gpio_rx\src","D:\Project\IRO3\Wip\Source\IRO3\src\smc_gen\r_mpc_rx","D:\Project\IRO3\Wip\Source\IRO3\src\smc_gen\r_mpc_rx\src","D:\Project\IRO3\Wip\Source\IRO3\src\smc_gen\general","D:\Project\IRO3\Wip\Source\IRO3\src\smc_gen\r_pincfg" -lang=c99 -nomessage -debug -optimize=0 -nologo  "../src/apps/touch_app/button_actions.c"
'Invoking: Scanner and Compiler'
ccrx -MM -MP -output=dep="src/touch_module/ctsu/button_config.d"  -MT="src/touch_module/ctsu/button_config.obj"  -MT="src/touch_module/ctsu/button_config.d" -isa=rxv1 -nofpu -include="C:\PROGRA~2\Renesas\RX\2_7_0\include","D:\Project\IRO3\Wip\Source\IRO3\src\apps","D:\Project\IRO3\Wip\Source\IRO3\src\apps\flash","D:\Project\IRO3\Wip\Source\IRO3\src\apps\gpio","D:\Project\IRO3\Wip\Source\IRO3\src\apps\timer","D:\Project\IRO3\Wip\Source\IRO3\src\apps\uart","D:\Project\IRO3\Wip\Source\IRO3\src\apps\adc","D:\Project\IRO3\Wip\Source\IRO3\src","D:\Project\IRO3\Wip\Source\IRO3\src\apps\display","D:\Project\IRO3\Wip\Source\IRO3\src\touch_module\r_ctsu_rx","D:\Project\IRO3\Wip\Source\IRO3\src\touch_module\r_touch_button","D:\Project\IRO3\Wip\Source\IRO3\src\touch_module\r_touch_rx","D:\Project\IRO3\Wip\Source\IRO3\src\touch_module","D:\Project\IRO3\Wip\Source\IRO3\src\touch_module\ctsu","D:\Project\IRO3\Wip\Source\IRO3\src\apps\touch_app","D:\Project\IRO3\Wip\Source\IRO3\src\smc_gen\r_bsp","D:\Project\IRO3\Wip\Source\IRO3\src\smc_gen\r_config","D:\Project\IRO3\Wip\Source\IRO3\src\smc_gen\Config_CMT0","D:\Project\IRO3\Wip\Source\IRO3\src\smc_gen\Config_PORT","D:\Project\IRO3\Wip\Source\IRO3\src\smc_gen\Config_S12AD0","D:\Project\IRO3\Wip\Source\IRO3\src\smc_gen\Config_CMT1","D:\Project\IRO3\Wip\Source\IRO3\src\smc_gen\r_gpio_rx","D:\Project\IRO3\Wip\Source\IRO3\src\smc_gen\r_gpio_rx\src","D:\Project\IRO3\Wip\Source\IRO3\src\smc_gen\r_mpc_rx","D:\Project\IRO3\Wip\Source\IRO3\src\smc_gen\r_mpc_rx\src","D:\Project\IRO3\Wip\Source\IRO3\src\smc_gen\general","D:\Project\IRO3\Wip\Source\IRO3\src\smc_gen\r_pincfg" -lang=c99 -nomessage -debug -optimize=0 -nologo  "../src/touch_module/ctsu/button_config.c"
ccrx -isa=rxv1 -nofpu -include="C:\PROGRA~2\Renesas\RX\2_7_0\include","D:\Project\IRO3\Wip\Source\IRO3\src\apps","D:\Project\IRO3\Wip\Source\IRO3\src\apps\flash","D:\Project\IRO3\Wip\Source\IRO3\src\apps\gpio","D:\Project\IRO3\Wip\Source\IRO3\src\apps\timer","D:\Project\IRO3\Wip\Source\IRO3\src\apps\uart","D:\Project\IRO3\Wip\Source\IRO3\src\apps\adc","D:\Project\IRO3\Wip\Source\IRO3\src","D:\Project\IRO3\Wip\Source\IRO3\src\apps\display","D:\Project\IRO3\Wip\Source\IRO3\src\touch_module\r_ctsu_rx","D:\Project\IRO3\Wip\Source\IRO3\src\touch_module\r_touch_button","D:\Project\IRO3\Wip\Source\IRO3\src\touch_module\r_touch_rx","D:\Project\IRO3\Wip\Source\IRO3\src\touch_module","D:\Project\IRO3\Wip\Source\IRO3\src\touch_module\ctsu","D:\Project\IRO3\Wip\Source\IRO3\src\apps\touch_app","D:\Project\IRO3\Wip\Source\IRO3\src\smc_gen\r_bsp","D:\Project\IRO3\Wip\Source\IRO3\src\smc_gen\r_config","D:\Project\IRO3\Wip\Source\IRO3\src\smc_gen\Config_CMT0","D:\Project\IRO3\Wip\Source\IRO3\src\smc_gen\Config_PORT","D:\Project\IRO3\Wip\Source\IRO3\src\smc_gen\Config_S12AD0","D:\Project\IRO3\Wip\Source\IRO3\src\smc_gen\Config_CMT1","D:\Project\IRO3\Wip\Source\IRO3\src\smc_gen\r_gpio_rx","D:\Project\IRO3\Wip\Source\IRO3\src\smc_gen\r_gpio_rx\src","D:\Project\IRO3\Wip\Source\IRO3\src\smc_gen\r_mpc_rx","D:\Project\IRO3\Wip\Source\IRO3\src\smc_gen\r_mpc_rx\src","D:\Project\IRO3\Wip\Source\IRO3\src\smc_gen\general","D:\Project\IRO3\Wip\Source\IRO3\src\smc_gen\r_pincfg" -lang=c99 -nomessage -output=obj -obj_path="src/apps/touch_app" -debug -optimize=0 -nologo "../src/apps/touch_app/button_actions.c"
ccrx -isa=rxv1 -nofpu -include="C:\PROGRA~2\Renesas\RX\2_7_0\include","D:\Project\IRO3\Wip\Source\IRO3\src\apps","D:\Project\IRO3\Wip\Source\IRO3\src\apps\flash","D:\Project\IRO3\Wip\Source\IRO3\src\apps\gpio","D:\Project\IRO3\Wip\Source\IRO3\src\apps\timer","D:\Project\IRO3\Wip\Source\IRO3\src\apps\uart","D:\Project\IRO3\Wip\Source\IRO3\src\apps\adc","D:\Project\IRO3\Wip\Source\IRO3\src","D:\Project\IRO3\Wip\Source\IRO3\src\apps\display","D:\Project\IRO3\Wip\Source\IRO3\src\touch_module\r_ctsu_rx","D:\Project\IRO3\Wip\Source\IRO3\src\touch_module\r_touch_button","D:\Project\IRO3\Wip\Source\IRO3\src\touch_module\r_touch_rx","D:\Project\IRO3\Wip\Source\IRO3\src\touch_module","D:\Project\IRO3\Wip\Source\IRO3\src\touch_module\ctsu","D:\Project\IRO3\Wip\Source\IRO3\src\apps\touch_app","D:\Project\IRO3\Wip\Source\IRO3\src\smc_gen\r_bsp","D:\Project\IRO3\Wip\Source\IRO3\src\smc_gen\r_config","D:\Project\IRO3\Wip\Source\IRO3\src\smc_gen\Config_CMT0","D:\Project\IRO3\Wip\Source\IRO3\src\smc_gen\Config_PORT","D:\Project\IRO3\Wip\Source\IRO3\src\smc_gen\Config_S12AD0","D:\Project\IRO3\Wip\Source\IRO3\src\smc_gen\Config_CMT1","D:\Project\IRO3\Wip\Source\IRO3\src\smc_gen\r_gpio_rx","D:\Project\IRO3\Wip\Source\IRO3\src\smc_gen\r_gpio_rx\src","D:\Project\IRO3\Wip\Source\IRO3\src\smc_gen\r_mpc_rx","D:\Project\IRO3\Wip\Source\IRO3\src\smc_gen\r_mpc_rx\src","D:\Project\IRO3\Wip\Source\IRO3\src\smc_gen\general","D:\Project\IRO3\Wip\Source\IRO3\src\smc_gen\r_pincfg" -lang=c99 -nomessage -output=obj -obj_path="src/touch_module/ctsu" -debug -optimize=0 -nologo "../src/touch_module/ctsu/button_config.c"
'Finished Scanning and building: ../src/apps/touch_app/button_actions.c'

'Finished Scanning and building: ../src/touch_module/ctsu/button_config.c'

'Invoking: Linker'
'Building target:'
rlink -noprelink -subcommand="LinkerSubCommand.tmp"  -output="IRO3.abs" -form=absolute -nomessage -vect=_undefined_interrupt_source_isr -list=IRO3.map -nooptimize -rom=D=R,D_1=R_1,D_2=R_2,D_CTSU_1=R_CTSU_1,D_CTSU_2=R_CTSU_2,D_TOUCH=R_TOUCH,D_TOUCH_2=R_TOUCH_2 -nologo

W0561016:The evaluation version is valid for the remaining 49 days

Renesas Optimizing Linker Completed
'Finished building target:'

C:\Renesas\e2_studio\eclipse\/../\Utilities\\ccrx\renesas_cc_converter.exe IRO3.abs IRO3.x
Loading input file IRO3.abs
Parsing the ELF input file.....
35 segments required LMA fixes
Converting the DWARF information....
Constructing the output ELF image....
Saving the ELF output file IRO3.x
'Build complete.'

17:15:33 Build Finished. 0 errors, 1 warnings. (took 1s.373ms)

